29.2
28.725
27.9
27.125
26.35
25.625
24.875
24.2
24.375
24.625
23.925
23.8
23.675
23.55
23.8
23.675
23.525
23.425
23.3
22.725
22.175
22.425
22.3
21.75
21.525
21.75
21.675
21.125
20.95
20.45
19.925
19.8
19.3
18.825
18.775
18.725
18.625
18.875
19.15
19.0
18.9
18.75
19.0
19.25
19.475
19.7
19.95
20.175
20.075
19.925
20.175
20.375
20.625
20.575
20.125
20.075
20.05
20.275
20.5
20.75
20.95
20.8
21.0
21.225
20.8
20.4
20.35
20.325
19.925
19.875
20.125
20.025
20.275
20.475
20.425
20.375
19.975
19.6
19.5
19.425
19.05
18.7
18.35
18.0
17.95
17.9
17.85
17.8
17.75
17.7
17.65
17.35
17.0
17.25
17.475
17.45
17.4
17.325
17.275
16.95
16.65
16.35
16.075
16.05
16.05
16.05
16.3
16.275
16.275
16.525
16.2
15.9
15.6
15.325
15.55
15.55
15.55
15.525
15.225
15.2
15.475
15.75
16.05
16.325
16.3
16.3
16.025
15.725
15.425
15.15
14.875
14.875
15.125
15.1
15.1
15.35
15.35
15.1
14.85
14.85
15.125
15.425
15.7
15.7
16.0
16.3
16.05
16.05
16.075
15.8
16.125
16.4
16.4
16.4
16.425
16.7
16.95
17.25
17.525
17.55
17.275
17.0
17.0
17.0
17.05
16.775
16.8
17.125
17.425
17.725
18.025
18.325
18.4
18.175
17.95
18.0
18.025
18.025
18.025
18.025
17.75
17.475
17.225
16.95
16.925
16.9
16.875
16.875
17.125
17.425
17.125
16.875
17.175
17.2
16.95
17.0
17.075
17.125
17.175
17.2
17.5
17.775
17.775
17.775
17.775
17.775
17.775
17.75
17.75
17.725
17.725
17.725
17.675
17.95
18.25
18.25
18.5
18.5
18.525
18.525
18.525
18.525
18.525
18.825
18.85
18.575
18.6
18.6
18.325
18.05
18.05
18.05
17.75
17.725
17.7
17.375
17.075
17.025
17.025
17.0
17.0
17.0
17.0
17.025
17.05
17.35
17.65
17.675
17.675
17.7
17.7
17.7
17.725
17.7
17.675
17.675
17.7
18.025
18.325
18.675
19.025
