287
391
487
576
656
731
804
875
941
1007
1070
1129
1185
1239
1292
1343
1393
1441
1487
1533
1577
1621
1663
1685
1705
1747
1767
1787
1806
1826
1845
1865
1884
1903
1940
1977
1995
2014
2050
2087
2105
2122
2157
2191
2225
2259
2291
2324
2357
2373
2388
2419
2435
2450
2481
2511
2542
2557
2572
2587
2602
2616
2631
2660
2690
2704
2719
2734
2748
2778
2792
2806
2821
2835
2849
2864
2892
2906
2920
2948
2975
2989
3002
3029
3043
3056
3083
3096
3110
3124
3137
3164
3190
3216
3241
3267
3292
3317
3342
3366
3390
3414
3438
3463
3487
3511
3534
3559
3571
3583
3595
3608
3632
3655
3679
3702
3724
3746
3769
3780
3791
3803
3815
3826
3838
3861
3884
3907
3929
3941
3952
3963
3974
3996
4018
4029
4040
4051
4062
4084
4106
4128
4150
4173
4195
4217
4228
4239
4261
4282
4293
4304
4325
4346
4357
4368
4378
4389
4411
4422
4433
4455
4466
4477
4499
4509
4520
4531
4542
4563
4574
4585
4595
4605
4626
4648
4670
4693
4715
4736
4758
4769
4779
4790
4801
4812
4823
4844
4865
4886
4907
4918
4929
4940
4951
4973
4995
5017
5039
5062
5085
5097
5108
5120
5131
5154
5176
5187
5198
5220
5242
5263
5285
5306
5328
5339
5350
5373
5395
5418
5429
5441
5464
5487
5510
5533
5556
5580
5592
5604
5627
5639
5650
5661
5672
5683
5694
5706
5717
5739
5761
5772
5783
5805
5828
5839
5851
5874
5886
5898
5922
5946
5970
5993
6016
6039
6061
6084
6106
6129
6140
6152
6174
6197
6219
6242
6265
6287
6310
6334
6357
6379
6390
6402
6413
6424
6435
6447
6470
6493
6504
6516
6527
6538
6550
6561
6573
6584
6595
6606
6617
6629
6651
6674
6696
6719
6741
6764
6787
6811
6834
6858
6881
6904
6927
6950
6973
6996
7018
7041
7064
7087
7111
7135
7160
7185
7211
7237
7263
7288
7313
7331
