50
48
46
46
44
44
42
22
20
42
20
20
19
20
19
20
19
19
37
37
18
19
36
37
18
17
35
34
34
34
32
33
33
16
15
31
16
15
31
30
31
15
15
15
15
14
15
29
30
14
15
15
14
30
14
14
15
14
14
15
28
14
14
28
27
14
13
27
14
13
27
13
14
14
13
27
26
26
25
26
25
25
25
24
24
24
24
25
24
24
23
25
12
12
12
13
24
23
24
23
22
22
23
11
11
12
12
11
12
23
23
23
22
12
11
11
11
22
22
11
11
11
11
22
22
22
22
23
22
22
11
11
22
21
11
11
21
21
11
11
10
11
22
11
11
22
11
11
22
10
11
11
11
21
11
11
10
10
21
22
22
23
22
21
22
11
10
11
11
11
11
21
21
21
21
11
11
11
11
22
22
22
22
23
23
12
11
12
11
23
22
11
11
22
22
21
22
21
22
11
11
23
22
23
11
12
23
23
23
23
23
24
12
12
23
12
11
11
11
11
11
12
11
22
22
11
11
22
23
11
12
23
12
12
24
24
24
23
23
23
22
23
22
23
11
12
22
23
22
23
23
22
23
24
23
22
11
12
11
11
11
12
23
23
11
12
11
11
12
11
12
11
11
11
11
12
22
23
22
23
22
23
23
24
23
24